<?xml version="1.0" encoding="UTF-8"?>
<!-- Generated by org.testng.reporters.JUnitXMLReporter -->
<testsuite hostname="L-SHC-15008508" ignored="1" name="paypal" tests="17" failures="4" timestamp="24 七月 2017 06:36:23 GMT" time="0.071" errors="0">
  <testcase name="testSellingTools" time="0.014" classname="com.sandbox.testplans.HomePageTestPlan"/>
  <testcase name="testElementGetThePaypalApp" time="0.015" classname="com.sandbox.testplans.HomePageTestPlan"/>
  <testcase name="testAccesstoPaypalBalanceFromHomePage" time="0.015" classname="com.sandbox.testplans.PayPalBalanceTestPlan"/>
  <testcase name="testSectionBankAndCards" time="0.015" classname="com.sandbox.testplans.HomePageTestPlan"/>
  <testcase name="testMoreAboutYourAccount" time="0.015" classname="com.sandbox.testplans.HomePageTestPlan"/>
  <testcase name="testInputBox" time="0.015" classname="com.sandbox.testplans.TransferMoneyTestPlan">
    <failure type="java.lang.NullPointerException">
      <![CDATA[java.lang.NullPointerException
	at com.sandbox.testplans.TransferMoneyTestPlan.testInputBox(TransferMoneyTestPlan.java:25)
	at sun.reflect.NativeMethodAccessorImpl.invoke0(Native Method)
	at sun.reflect.NativeMethodAccessorImpl.invoke(NativeMethodAccessorImpl.java:62)
	at sun.reflect.DelegatingMethodAccessorImpl.invoke(DelegatingMethodAccessorImpl.java:43)
	at java.lang.reflect.Method.invoke(Method.java:498)
	at org.testng.internal.MethodInvocationHelper.invokeMethod(MethodInvocationHelper.java:108)
	at org.testng.internal.Invoker.invokeMethod(Invoker.java:661)
	at org.testng.internal.Invoker.invokeTestMethod(Invoker.java:869)
	at org.testng.internal.Invoker.invokeTestMethods(Invoker.java:1193)
	at org.testng.internal.TestMethodWorker.invokeTestMethods(TestMethodWorker.java:126)
	at org.testng.internal.TestMethodWorker.run(TestMethodWorker.java:109)
	at java.util.concurrent.ThreadPoolExecutor.runWorker(ThreadPoolExecutor.java:1142)
	at java.util.concurrent.ThreadPoolExecutor$Worker.run(ThreadPoolExecutor.java:617)
	at java.lang.Thread.run(Thread.java:745)
]]>
    </failure>
  </testcase> <!-- testInputBox -->
  <testcase name="testMock" time="0.001" classname="com.sandbox.testplans.UserLogonTestPlan"/>
  <testcase name="testGreetingMsg" time="0.018" classname="com.sandbox.testplans.HomePageTestPlan"/>
  <testcase name="testActivateNextBtn" time="0.0" classname="com.sandbox.testplans.TransferMoneyTestPlan">
    <skipped/>
  </testcase> <!-- testActivateNextBtn -->
  <testcase name="testLnkDisplayAddMoney" time="0.001" classname="com.sandbox.testplans.PayPalBalanceTestPlan"/>
  <testcase name="testLnkDisplayManageCurrencies" time="0.0" classname="com.sandbox.testplans.PayPalBalanceTestPlan"/>
  <testcase name="testLnkDisplayWithdrawMoney" time="0.0" classname="com.sandbox.testplans.PayPalBalanceTestPlan"/>
  <testcase name="testElementTakeMoreTimeToPay" time="0.025" classname="com.sandbox.testplans.HomePageTestPlan"/>
  <testcase name="testElementDisplayPayOrSendMoney" time="0.022" classname="com.sandbox.testplans.HomePageTestPlan"/>
  <testcase name="testUserLogon" time="0.014" classname="com.sandbox.testplans.UserLogonTestPlan">
    <failure type="java.lang.NullPointerException">
      <![CDATA[java.lang.NullPointerException
	at com.sandbox.testplans.UserLogonTestPlan.testUserLogon(UserLogonTestPlan.java:46)
	at sun.reflect.NativeMethodAccessorImpl.invoke0(Native Method)
	at sun.reflect.NativeMethodAccessorImpl.invoke(NativeMethodAccessorImpl.java:62)
	at sun.reflect.DelegatingMethodAccessorImpl.invoke(DelegatingMethodAccessorImpl.java:43)
	at java.lang.reflect.Method.invoke(Method.java:498)
	at org.testng.internal.MethodInvocationHelper.invokeMethod(MethodInvocationHelper.java:108)
	at org.testng.internal.Invoker.invokeMethod(Invoker.java:661)
	at org.testng.internal.Invoker.invokeTestMethod(Invoker.java:869)
	at org.testng.internal.Invoker.invokeTestMethods(Invoker.java:1193)
	at org.testng.internal.TestMethodWorker.invokeTestMethods(TestMethodWorker.java:126)
	at org.testng.internal.TestMethodWorker.run(TestMethodWorker.java:109)
	at java.util.concurrent.ThreadPoolExecutor.runWorker(ThreadPoolExecutor.java:1142)
	at java.util.concurrent.ThreadPoolExecutor$Worker.run(ThreadPoolExecutor.java:617)
	at java.lang.Thread.run(Thread.java:745)
]]>
    </failure>
  </testcase> <!-- testUserLogon -->
  <testcase name="testInputBoxUser" time="0.016" classname="com.sandbox.testplans.UserLogonTestPlan">
    <failure type="java.lang.NullPointerException">
      <![CDATA[java.lang.NullPointerException
	at com.sandbox.testplans.UserLogonTestPlan.testInputBoxUser(UserLogonTestPlan.java:30)
	at sun.reflect.NativeMethodAccessorImpl.invoke0(Native Method)
	at sun.reflect.NativeMethodAccessorImpl.invoke(NativeMethodAccessorImpl.java:62)
	at sun.reflect.DelegatingMethodAccessorImpl.invoke(DelegatingMethodAccessorImpl.java:43)
	at java.lang.reflect.Method.invoke(Method.java:498)
	at org.testng.internal.MethodInvocationHelper.invokeMethod(MethodInvocationHelper.java:108)
	at org.testng.internal.Invoker.invokeMethod(Invoker.java:661)
	at org.testng.internal.Invoker.invokeTestMethod(Invoker.java:869)
	at org.testng.internal.Invoker.invokeTestMethods(Invoker.java:1193)
	at org.testng.internal.TestMethodWorker.invokeTestMethods(TestMethodWorker.java:126)
	at org.testng.internal.TestMethodWorker.run(TestMethodWorker.java:109)
	at java.util.concurrent.ThreadPoolExecutor.runWorker(ThreadPoolExecutor.java:1142)
	at java.util.concurrent.ThreadPoolExecutor$Worker.run(ThreadPoolExecutor.java:617)
	at java.lang.Thread.run(Thread.java:745)
]]>
    </failure>
  </testcase> <!-- testInputBoxUser -->
  <testcase name="testInputBoxPassword" time="0.031" classname="com.sandbox.testplans.UserLogonTestPlan">
    <failure type="java.lang.NullPointerException">
      <![CDATA[java.lang.NullPointerException
	at com.sandbox.testplans.UserLogonTestPlan.testInputBoxPassword(UserLogonTestPlan.java:36)
	at sun.reflect.NativeMethodAccessorImpl.invoke0(Native Method)
	at sun.reflect.NativeMethodAccessorImpl.invoke(NativeMethodAccessorImpl.java:62)
	at sun.reflect.DelegatingMethodAccessorImpl.invoke(DelegatingMethodAccessorImpl.java:43)
	at java.lang.reflect.Method.invoke(Method.java:498)
	at org.testng.internal.MethodInvocationHelper.invokeMethod(MethodInvocationHelper.java:108)
	at org.testng.internal.Invoker.invokeMethod(Invoker.java:661)
	at org.testng.internal.Invoker.invokeTestMethod(Invoker.java:869)
	at org.testng.internal.Invoker.invokeTestMethods(Invoker.java:1193)
	at org.testng.internal.TestMethodWorker.invokeTestMethods(TestMethodWorker.java:126)
	at org.testng.internal.TestMethodWorker.run(TestMethodWorker.java:109)
	at java.util.concurrent.ThreadPoolExecutor.runWorker(ThreadPoolExecutor.java:1142)
	at java.util.concurrent.ThreadPoolExecutor$Worker.run(ThreadPoolExecutor.java:617)
	at java.lang.Thread.run(Thread.java:745)
]]>
    </failure>
  </testcase> <!-- testInputBoxPassword -->
  <testcase name="transfer" time="0.0" classname="com.sandbox.testplans.TransferMoneyTestPlan">
    <ignored/>
  </testcase> <!-- transfer -->
</testsuite> <!-- paypal -->
